[2026-03-23 15:02:23,293: INFO: main: Welcome to my custom log]
[2026-03-23 15:49:35,750: INFO: common: YAML file config\config.yaml loaded successfully]
[2026-03-23 15:49:35,752: INFO: common: YAML file params.yaml loaded successfully]
[2026-03-23 15:49:35,753: INFO: common: created directory at: artifacts]
[2026-03-23 15:49:35,755: INFO: common: created directory at: artifacts/data_ingestion]
[2026-03-23 15:49:37,682: INFO: 222777804: artifacts/data_ingestion/data.zip download! with following info: 
Connection: close
Content-Length: 11616915
Cache-Control: max-age=300
Content-Security-Policy: default-src 'none'; style-src 'unsafe-inline'; sandbox
Content-Type: application/zip
ETag: "adf745abc03891fe493c3be264ec012691fe3fa21d861f35a27edbe6d86a76b1"
Strict-Transport-Security: max-age=31536000
X-Content-Type-Options: nosniff
X-Frame-Options: deny
X-XSS-Protection: 1; mode=block
X-GitHub-Request-Id: E93C:6300C:B9344:18D587:69C10FB3
Accept-Ranges: bytes
Date: Mon, 23 Mar 2026 10:19:39 GMT
Via: 1.1 varnish
X-Served-By: cache-del-vibw2260039-DEL
X-Cache: HIT
X-Cache-Hits: 0
X-Timer: S1774261179.340068,VS0,VE253
Vary: Authorization,Accept-Encoding
Access-Control-Allow-Origin: *
Cross-Origin-Resource-Policy: cross-origin
X-Fastly-Request-ID: 739a8ed3562d0f167bdeceb9c88c2f8db010aaf6
Expires: Mon, 23 Mar 2026 10:24:39 GMT
Source-Age: 0

]
